<?xml version="1.0" encoding="UTF-8"?>
<!-- Generated by org.testng.reporters.JUnitReportReporter -->
<testsuite hostname="LTIN409109" failures="0" tests="5" name="com.tests.CollectionsPractice" time="1.041" errors="0" timestamp="2024-02-08T11:39:32 IST" skipped="4">
  <testcase classname="com.tests.CollectionsPractice" name="run" time="1.041"/>
  <system-out/>
  <testcase classname="com.tests.CollectionsPractice" name="linkedList">
    <skipped/>
  </testcase> <!-- linkedList -->
  <system-out/>
  <testcase classname="com.tests.CollectionsPractice" name="arrayList">
    <skipped/>
  </testcase> <!-- arrayList -->
  <system-out/>
  <testcase classname="com.tests.CollectionsPractice" name="listReverseOrder">
    <skipped/>
  </testcase> <!-- listReverseOrder -->
  <system-out/>
  <testcase classname="com.tests.CollectionsPractice" name="hashMap">
    <skipped/>
  </testcase> <!-- hashMap -->
  <system-out/>
</testsuite> <!-- com.tests.CollectionsPractice -->
