<?xml version="1.0" encoding="UTF-8"?>
<!-- Generated by org.testng.reporters.JUnitReportReporter -->
<testsuite hostname="LTIN409109" failures="0" tests="1" name="com.tests.SearchAutomation" time="0.919" errors="0" timestamp="2024-02-07T09:34:32 IST" skipped="0">
  <testcase classname="com.tests.SearchAutomation" name="DataDriven" time="0.919"/>
  <system-out/>
</testsuite> <!-- com.tests.SearchAutomation -->
