<?xml version="1.0" encoding="UTF-8"?>
<!-- Generated by org.testng.reporters.JUnitReportReporter -->
<testsuite hostname="LTIN409109" failures="0" tests="1" name="com.tests.GreenKartAutomation" time="36.303" errors="0" timestamp="2024-02-09T11:12:40 IST" skipped="0">
  <testcase classname="com.tests.GreenKartAutomation" name="orderFruits" time="36.303"/>
</testsuite> <!-- com.tests.GreenKartAutomation -->
